<?xml version="1.0" encoding="UTF-8"?>
<testng-results skipped="0" failed="0" ignored="0" total="1" passed="1">
  <reporter-output>
  </reporter-output>
  <suite name="Suite" duration-ms="24981" started-at="2019-02-09T09:07:05Z" finished-at="2019-02-09T09:07:30Z">
    <groups>
    </groups>
    <test name="Test" duration-ms="24981" started-at="2019-02-09T09:07:05Z" finished-at="2019-02-09T09:07:30Z">
      <class name="com.freecrm.testcases.LoginToCRM">
        <test-method status="PASS" signature="serupSuite()[pri:0, instance:com.freecrm.testcases.LoginToCRM@be92ad]" name="serupSuite" is-config="true" duration-ms="1536" started-at="2019-02-09T14:37:03Z" finished-at="2019-02-09T14:37:05Z">
          <reporter-output>
          </reporter-output>
        </test-method> <!-- serupSuite -->
        <test-method status="PASS" signature="setup()[pri:0, instance:com.freecrm.testcases.LoginToCRM@be92ad]" name="setup" is-config="true" duration-ms="14759" started-at="2019-02-09T14:37:05Z" finished-at="2019-02-09T14:37:20Z">
          <reporter-output>
          </reporter-output>
        </test-method> <!-- setup -->
        <test-method status="PASS" signature="LoginApp()[pri:0, instance:com.freecrm.testcases.LoginToCRM@be92ad]" name="LoginApp" duration-ms="9214" started-at="2019-02-09T14:37:20Z" finished-at="2019-02-09T14:37:29Z">
          <reporter-output>
          </reporter-output>
        </test-method> <!-- LoginApp -->
        <test-method status="PASS" signature="teardown()[pri:0, instance:com.freecrm.testcases.LoginToCRM@be92ad]" name="teardown" is-config="true" duration-ms="947" started-at="2019-02-09T14:37:29Z" finished-at="2019-02-09T14:37:30Z">
          <reporter-output>
          </reporter-output>
        </test-method> <!-- teardown -->
      </class> <!-- com.freecrm.testcases.LoginToCRM -->
    </test> <!-- Test -->
  </suite> <!-- Suite -->
</testng-results>
